<?xml version="1.0" encoding="UTF-8"?>
<!-- Generated by org.testng.reporters.JUnitReportReporter -->
<testsuite ignored="0" hostname="DESKTOP-CKBL5PE" failures="0" tests="1" name="org.testing.testscripts.post_tc1" time="7.700" errors="0" timestamp="11 Sep 2023 06:52:22 GMT" skipped="0">
  <testcase classname="org.testing.testscripts.post_tc1" name="tc1" time="7.700"/>
</testsuite> <!-- org.testing.testscripts.post_tc1 -->
